{
  "RSpec": {
    "coverage": {
      "/Users/brianboisvert/Development/code/Mod6/big_think/spec/controllers/videos_controller_spec.rb": [
        1,
        null,
        1,
        null,
        1,
        1,
        1,
        1,
        1,
        null,
        null,
        null,
        null
      ],
      "/Users/brianboisvert/Development/code/Mod6/big_think/spec/rails_helper.rb": [
        null,
        1,
        1,
        1,
        null,
        1,
        1,
        null,
        null,
        null,
        null,
        null,
        null,
        null,
        null,
        null,
        null,
        null,
        null,
        null,
        null,
        null,
        null,
        null,
        null,
        null,
        1,
        null,
        1,
        null,
        1,
        null,
        null,
        null,
        null,
        1,
        null,
        null,
        null,
        null,
        null,
        null,
        null,
        null,
        null,
        null,
        null,
        null,
        null,
        null,
        1,
        null,
        null,
        1,
        null,
        null,
        null
      ],
      "/Users/brianboisvert/Development/code/Mod6/big_think/config/environment.rb": [
        null,
        1,
        null,
        null,
        1
      ],
      "/Users/brianboisvert/Development/code/Mod6/big_think/config/application.rb": [
        1,
        null,
        1,
        null,
        null,
        null,
        1,
        null,
        1,
        1,
        null,
        1,
        null,
        null,
        null,
        null,
        null,
        null
      ],
      "/Users/brianboisvert/Development/code/Mod6/big_think/config/boot.rb": [
        1,
        null,
        1
      ],
      "/Users/brianboisvert/Development/code/Mod6/big_think/config/environments/test.rb": [
        1,
        null,
        null,
        null,
        null,
        null,
        null,
        1,
        null,
        null,
        null,
        null,
        1,
        null,
        null,
        1,
        1,
        null,
        null,
        null,
        null,
        1,
        1,
        null,
        null,
        1,
        null,
        null,
        1,
        1,
        null,
        null,
        null,
        null,
        1,
        null,
        null,
        1,
        null,
        null,
        null,
        null
      ],
      "/Users/brianboisvert/Development/code/Mod6/big_think/config/initializers/application_controller_renderer.rb": [
        null,
        null,
        null,
        null,
        null,
        null,
        null,
        null
      ],
      "/Users/brianboisvert/Development/code/Mod6/big_think/config/initializers/assets.rb": [
        null,
        null,
        null,
        1,
        null,
        null,
        null,
        null,
        1,
        null,
        null,
        null,
        null,
        null
      ],
      "/Users/brianboisvert/Development/code/Mod6/big_think/config/initializers/backtrace_silencers.rb": [
        null,
        null,
        null,
        null,
        null,
        null,
        null
      ],
      "/Users/brianboisvert/Development/code/Mod6/big_think/config/initializers/cookies_serializer.rb": [
        null,
        null,
        null,
        null,
        1
      ],
      "/Users/brianboisvert/Development/code/Mod6/big_think/config/initializers/filter_parameter_logging.rb": [
        null,
        null,
        null,
        1
      ],
      "/Users/brianboisvert/Development/code/Mod6/big_think/config/initializers/inflections.rb": [
        null,
        null,
        null,
        null,
        null,
        null,
        null,
        null,
        null,
        null,
        null,
        null,
        null,
        null,
        null,
        null
      ],
      "/Users/brianboisvert/Development/code/Mod6/big_think/config/initializers/mime_types.rb": [
        null,
        null,
        null,
        null
      ],
      "/Users/brianboisvert/Development/code/Mod6/big_think/config/initializers/wrap_parameters.rb": [
        null,
        null,
        null,
        null,
        null,
        null,
        1,
        2,
        null,
        null,
        null,
        null,
        null,
        null
      ],
      "/Users/brianboisvert/Development/code/Mod6/big_think/config/routes.rb": [
        1,
        null,
        1,
        null,
        null,
        null
      ],
      "/Users/brianboisvert/Development/code/Mod6/big_think/app/helpers/application_helper.rb": [
        1,
        null
      ],
      "/Users/brianboisvert/Development/code/Mod6/big_think/app/helpers/usages_helper.rb": [
        1,
        null
      ],
      "/Users/brianboisvert/Development/code/Mod6/big_think/app/helpers/users_helper.rb": [
        1,
        null
      ],
      "/Users/brianboisvert/Development/code/Mod6/big_think/app/helpers/videos_helper.rb": [
        1,
        null
      ],
      "/Users/brianboisvert/Development/code/Mod6/big_think/app/controllers/videos_controller.rb": [
        1,
        1,
        null,
        null,
        null,
        null,
        null,
        null,
        null,
        null,
        null,
        1,
        null,
        null,
        null,
        null,
        null,
        null,
        null,
        null,
        null,
        null,
        null,
        null,
        null,
        null,
        null,
        null,
        null,
        null,
        null,
        null,
        null,
        null,
        null,
        null,
        null,
        null,
        null,
        null,
        null,
        null,
        null,
        null,
        null,
        null,
        null,
        null,
        null,
        null,
        null,
        null,
        null,
        null,
        null,
        null,
        null,
        null,
        null,
        null,
        null,
        null,
        null,
        1,
        null,
        1,
        1,
        null,
        null,
        null,
        null,
        1,
        0,
        null,
        null
      ],
      "/Users/brianboisvert/Development/code/Mod6/big_think/app/controllers/application_controller.rb": [
        1,
        1,
        null
      ],
      "/Users/brianboisvert/Development/code/Mod6/big_think/spec/models/video_spec.rb": [
        1,
        null,
        1,
        1,
        1,
        1,
        1,
        null,
        null,
        1,
        1,
        1,
        null,
        null,
        1,
        1,
        1,
        null,
        null,
        1,
        1,
        1,
        null,
        null,
        null,
        null,
        null,
        null,
        null,
        null,
        null,
        null,
        null,
        null,
        null,
        null,
        null,
        null,
        null,
        null,
        null,
        null,
        null,
        null,
        null
      ],
      "/Users/brianboisvert/Development/code/Mod6/big_think/app/models/video.rb": [
        1,
        1,
        1,
        null,
        null,
        null,
        1,
        1,
        1,
        null,
        null,
        1,
        0,
        0,
        0,
        0,
        0,
        0,
        0,
        0,
        0,
        0,
        0,
        0,
        0,
        0,
        0,
        0,
        null,
        null,
        0,
        null,
        null
      ],
      "/Users/brianboisvert/Development/code/Mod6/big_think/app/models/application_record.rb": [
        1,
        1,
        null
      ]
    },
    "timestamp": 1524583248
  }
}
